

Version:	3.14
CmdLine:	C:\Users\mathe\Universidade PUC\7 - Período - Materias do 6º\Tec.Para Descob.Do Conhecimento\Trabalho\Trabalho_Pratico\taxaSuicideCodigo\out\artifacts\taxaSuicideCodigo_jar\teste.exe --l4j-debug
WOW64:		yes
Working dir:	C:\Users\mathe\Universidade PUC\7 - Período - Materias do 6º\Tec.Para Descob.Do Conhecimento\Trabalho\Trabalho_Pratico\taxaSuicideCodigo\out\artifacts\taxaSuicideCodigo_jar\.
Java min ver:	1.017.000_001
Java max ver:	
64-bit search:	SOFTWARE\JavaSoft\Java Runtime Environment...
Check:		SOFTWARE\JavaSoft\Java Runtime Environment\1.8
Ignore:		1.008.000
Check:		SOFTWARE\JavaSoft\Java Runtime Environment\1.8.0_301
Ignore:		1.008.000_301
32-bit search:	SOFTWARE\JavaSoft\Java Runtime Environment...
64-bit search:	SOFTWARE\JavaSoft\Java Development Kit...
32-bit search:	SOFTWARE\JavaSoft\Java Development Kit...
64-bit search:	SOFTWARE\JavaSoft\JRE...
32-bit search:	SOFTWARE\JavaSoft\JRE...
64-bit search:	SOFTWARE\JavaSoft\JDK...
32-bit search:	SOFTWARE\JavaSoft\JDK...
64-bit search:	SOFTWARE\IBM\Java Runtime Environment...
32-bit search:	SOFTWARE\IBM\Java Runtime Environment...
64-bit search:	SOFTWARE\IBM\Java Development Kit...
32-bit search:	SOFTWARE\IBM\Java Development Kit...
64-bit search:	SOFTWARE\IBM\Java2 Runtime Environment...
32-bit search:	SOFTWARE\IBM\Java2 Runtime Environment...
64-bit search:	SOFTWARE\IBM\Java Development Kit...
32-bit search:	SOFTWARE\IBM\Java Development Kit...
Error msg:	This application requires a Java Runtime Environment 17.0.1
Open URL:	http://java.com/download


Version:	3.14
CmdLine:	C:\Users\mathe\Universidade PUC\7 - Período - Materias do 6º\Tec.Para Descob.Do Conhecimento\Trabalho\Trabalho_Pratico\taxaSuicideCodigo\out\artifacts\taxaSuicideCodigo_jar\teste.exe --l4j-debug
WOW64:		yes
Working dir:	C:\Users\mathe\Universidade PUC\7 - Período - Materias do 6º\Tec.Para Descob.Do Conhecimento\Trabalho\Trabalho_Pratico\taxaSuicideCodigo\out\artifacts\taxaSuicideCodigo_jar\.
Java min ver:	1.017.000
Java max ver:	
64-bit search:	SOFTWARE\JavaSoft\Java Runtime Environment...
Check:		SOFTWARE\JavaSoft\Java Runtime Environment\1.8
Ignore:		1.008.000
Check:		SOFTWARE\JavaSoft\Java Runtime Environment\1.8.0_301
Ignore:		1.008.000_301
32-bit search:	SOFTWARE\JavaSoft\Java Runtime Environment...
64-bit search:	SOFTWARE\JavaSoft\Java Development Kit...
32-bit search:	SOFTWARE\JavaSoft\Java Development Kit...
64-bit search:	SOFTWARE\JavaSoft\JRE...
32-bit search:	SOFTWARE\JavaSoft\JRE...
64-bit search:	SOFTWARE\JavaSoft\JDK...
32-bit search:	SOFTWARE\JavaSoft\JDK...
64-bit search:	SOFTWARE\IBM\Java Runtime Environment...
32-bit search:	SOFTWARE\IBM\Java Runtime Environment...
64-bit search:	SOFTWARE\IBM\Java Development Kit...
32-bit search:	SOFTWARE\IBM\Java Development Kit...
64-bit search:	SOFTWARE\IBM\Java2 Runtime Environment...
32-bit search:	SOFTWARE\IBM\Java2 Runtime Environment...
64-bit search:	SOFTWARE\IBM\Java Development Kit...
32-bit search:	SOFTWARE\IBM\Java Development Kit...
Error msg:	This application requires a Java Runtime Environment 17.0
Open URL:	http://java.com/download


Version:	3.14
CmdLine:	C:\Users\mathe\Universidade PUC\7 - Período - Materias do 6º\Tec.Para Descob.Do Conhecimento\Trabalho\Trabalho_Pratico\taxaSuicideCodigo\out\artifacts\taxaSuicideCodigo_jar\teste.exe --l4j-debug
WOW64:		yes
Working dir:	C:\Users\mathe\Universidade PUC\7 - Período - Materias do 6º\Tec.Para Descob.Do Conhecimento\Trabalho\Trabalho_Pratico\taxaSuicideCodigo\out\artifacts\taxaSuicideCodigo_jar\.
Java min ver:	1.017.000
Java max ver:	
64-bit search:	SOFTWARE\JavaSoft\Java Runtime Environment...
Check:		SOFTWARE\JavaSoft\Java Runtime Environment\1.8
Ignore:		1.008.000
Check:		SOFTWARE\JavaSoft\Java Runtime Environment\1.8.0_301
Ignore:		1.008.000_301
32-bit search:	SOFTWARE\JavaSoft\Java Runtime Environment...
64-bit search:	SOFTWARE\JavaSoft\Java Development Kit...
32-bit search:	SOFTWARE\JavaSoft\Java Development Kit...
64-bit search:	SOFTWARE\JavaSoft\JRE...
32-bit search:	SOFTWARE\JavaSoft\JRE...
64-bit search:	SOFTWARE\JavaSoft\JDK...
32-bit search:	SOFTWARE\JavaSoft\JDK...
64-bit search:	SOFTWARE\IBM\Java Runtime Environment...
32-bit search:	SOFTWARE\IBM\Java Runtime Environment...
64-bit search:	SOFTWARE\IBM\Java Development Kit...
32-bit search:	SOFTWARE\IBM\Java Development Kit...
64-bit search:	SOFTWARE\IBM\Java2 Runtime Environment...
32-bit search:	SOFTWARE\IBM\Java2 Runtime Environment...
64-bit search:	SOFTWARE\IBM\Java Development Kit...
32-bit search:	SOFTWARE\IBM\Java Development Kit...
Error msg:	This application requires a Java Runtime Environment 17.0
Open URL:	http://java.com/download
